2025-03-29 14:19:56,956:WARNING:
'cuml' is a soft dependency and not included in the pycaret installation. Please run: `pip install cuml` to install.
2025-03-29 14:19:56,960:WARNING:
'cuml' is a soft dependency and not included in the pycaret installation. Please run: `pip install cuml` to install.
2025-03-29 14:19:56,960:WARNING:
'cuml' is a soft dependency and not included in the pycaret installation. Please run: `pip install cuml` to install.
2025-03-29 14:19:56,960:WARNING:
'cuml' is a soft dependency and not included in the pycaret installation. Please run: `pip install cuml` to install.
2025-03-29 14:22:19,362:INFO:PyCaret ClassificationExperiment
2025-03-29 14:22:19,375:INFO:Logging name: clf-default-name
2025-03-29 14:22:19,375:INFO:ML Usecase: MLUsecase.CLASSIFICATION
2025-03-29 14:22:19,375:INFO:version 3.2.0
2025-03-29 14:22:19,375:INFO:Initializing setup()
2025-03-29 14:22:19,375:INFO:self.USI: 9a51
2025-03-29 14:22:19,375:INFO:self._variable_keys: {'_available_plots', 'memory', 'fold_groups_param', 'fix_imbalance', 'y_train', 'html_param', 'is_multiclass', 'exp_id', 'target_param', 'USI', 'log_plots_param', 'exp_name_log', 'gpu_n_jobs_param', 'logging_param', '_ml_usecase', 'pipeline', 'data', 'gpu_param', 'y', 'X', 'fold_shuffle_param', 'y_test', 'idx', 'X_train', 'n_jobs_param', 'fold_generator', 'X_test', 'seed'}
2025-03-29 14:22:19,375:INFO:Checking environment
2025-03-29 14:22:19,375:INFO:python_version: 3.8.18
2025-03-29 14:22:19,375:INFO:python_build: ('default', 'Sep 11 2023 13:39:12')
2025-03-29 14:22:19,384:INFO:machine: AMD64
2025-03-29 14:22:19,384:INFO:platform: Windows-10-10.0.26100-SP0
2025-03-29 14:22:19,408:INFO:Memory: svmem(total=8299257856, available=276320256, percent=96.7, used=8022937600, free=276320256)
2025-03-29 14:22:19,420:INFO:Physical Core: 4
2025-03-29 14:22:19,420:INFO:Logical Core: 8
2025-03-29 14:22:19,420:INFO:Checking libraries
2025-03-29 14:22:19,420:INFO:System:
2025-03-29 14:22:19,420:INFO:    python: 3.8.18 (default, Sep 11 2023, 13:39:12) [MSC v.1916 64 bit (AMD64)]
2025-03-29 14:22:19,420:INFO:executable: C:\Users\babig\anaconda3\envs\pycaret_light\python.exe
2025-03-29 14:22:19,420:INFO:   machine: Windows-10-10.0.26100-SP0
2025-03-29 14:22:19,420:INFO:PyCaret required dependencies:
2025-03-29 14:22:26,926:INFO:                 pip: 23.3.1
2025-03-29 14:22:26,926:INFO:          setuptools: 68.2.2
2025-03-29 14:22:26,926:INFO:             pycaret: 3.2.0
2025-03-29 14:22:26,926:INFO:             IPython: 8.12.3
2025-03-29 14:22:26,928:INFO:          ipywidgets: 8.1.1
2025-03-29 14:22:26,928:INFO:                tqdm: 4.66.1
2025-03-29 14:22:26,928:INFO:               numpy: 1.24.4
2025-03-29 14:22:26,928:INFO:              pandas: 1.5.3
2025-03-29 14:22:26,928:INFO:              jinja2: 3.1.3
2025-03-29 14:22:26,928:INFO:               scipy: 1.10.1
2025-03-29 14:22:26,928:INFO:              joblib: 1.3.2
2025-03-29 14:22:26,928:INFO:             sklearn: 1.2.2
2025-03-29 14:22:26,928:INFO:                pyod: 1.1.2
2025-03-29 14:22:26,928:INFO:            imblearn: 0.12.0
2025-03-29 14:22:26,928:INFO:   category_encoders: 2.6.3
2025-03-29 14:22:26,928:INFO:            lightgbm: 4.3.0
2025-03-29 14:22:26,928:INFO:               numba: 0.58.1
2025-03-29 14:22:26,928:INFO:            requests: 2.31.0
2025-03-29 14:22:26,928:INFO:          matplotlib: 3.6.0
2025-03-29 14:22:26,928:INFO:          scikitplot: 0.3.7
2025-03-29 14:22:26,928:INFO:         yellowbrick: 1.5
2025-03-29 14:22:26,928:INFO:              plotly: 5.18.0
2025-03-29 14:22:26,928:INFO:    plotly-resampler: Not installed
2025-03-29 14:22:26,928:INFO:             kaleido: 0.2.1
2025-03-29 14:22:26,928:INFO:           schemdraw: 0.15
2025-03-29 14:22:26,928:INFO:         statsmodels: 0.14.1
2025-03-29 14:22:26,928:INFO:              sktime: 0.21.1
2025-03-29 14:22:26,928:INFO:               tbats: 1.1.3
2025-03-29 14:22:26,928:INFO:            pmdarima: 2.0.4
2025-03-29 14:22:26,928:INFO:              psutil: 5.9.8
2025-03-29 14:22:26,928:INFO:          markupsafe: 2.1.4
2025-03-29 14:22:26,928:INFO:             pickle5: Not installed
2025-03-29 14:22:26,928:INFO:         cloudpickle: 2.2.1
2025-03-29 14:22:26,928:INFO:         deprecation: 2.1.0
2025-03-29 14:22:26,928:INFO:              xxhash: 3.4.1
2025-03-29 14:22:26,928:INFO:           wurlitzer: Not installed
2025-03-29 14:22:26,928:INFO:PyCaret optional dependencies:
2025-03-29 14:22:35,504:INFO:                shap: 0.44.1
2025-03-29 14:22:35,504:INFO:           interpret: 0.5.0
2025-03-29 14:22:35,507:INFO:                umap: 0.5.5
2025-03-29 14:22:35,507:INFO:     ydata_profiling: 4.6.0
2025-03-29 14:22:35,507:INFO:  explainerdashboard: 0.4.5
2025-03-29 14:22:35,507:INFO:             autoviz: Not installed
2025-03-29 14:22:35,507:INFO:           fairlearn: 0.7.0
2025-03-29 14:22:35,507:INFO:          deepchecks: Not installed
2025-03-29 14:22:35,507:INFO:             xgboost: 2.0.3
2025-03-29 14:22:35,507:INFO:            catboost: 1.2.2
2025-03-29 14:22:35,507:INFO:              kmodes: 0.12.2
2025-03-29 14:22:35,507:INFO:             mlxtend: 0.23.1
2025-03-29 14:22:35,507:INFO:       statsforecast: 1.5.0
2025-03-29 14:22:35,507:INFO:        tune_sklearn: 0.5.0
2025-03-29 14:22:35,507:INFO:                 ray: 2.9.1
2025-03-29 14:22:35,507:INFO:            hyperopt: 0.2.7
2025-03-29 14:22:35,507:INFO:              optuna: 3.5.0
2025-03-29 14:22:35,507:INFO:               skopt: 0.9.0
2025-03-29 14:22:35,507:INFO:              mlflow: 1.30.1
2025-03-29 14:22:35,509:INFO:              gradio: 3.50.2
2025-03-29 14:22:35,509:INFO:             fastapi: 0.109.0
2025-03-29 14:22:35,509:INFO:             uvicorn: 0.27.0.post1
2025-03-29 14:22:35,509:INFO:              m2cgen: 0.10.0
2025-03-29 14:22:35,509:INFO:           evidently: 0.2.8
2025-03-29 14:22:35,509:INFO:               fugue: 0.8.6
2025-03-29 14:22:35,509:INFO:           streamlit: Not installed
2025-03-29 14:22:35,509:INFO:             prophet: Not installed
2025-03-29 14:22:35,509:INFO:None
2025-03-29 14:22:35,510:INFO:Set up GPU usage.
2025-03-29 14:22:35,510:WARNING:
'cuml' is a soft dependency and not included in the pycaret installation. Please run: `pip install cuml` to install.
2025-03-29 14:22:35,510:WARNING:cuML is outdated or not found. Required version is >=23.08.
                Please visit https://rapids.ai/install for installation instructions.
2025-03-29 14:22:35,512:INFO:Set up data.
2025-03-29 14:26:15,829:INFO:PyCaret ClassificationExperiment
2025-03-29 14:26:15,832:INFO:Logging name: clf-default-name
2025-03-29 14:26:15,832:INFO:ML Usecase: MLUsecase.CLASSIFICATION
2025-03-29 14:26:15,832:INFO:version 3.2.0
2025-03-29 14:26:15,832:INFO:Initializing setup()
2025-03-29 14:26:15,832:INFO:self.USI: be3d
2025-03-29 14:26:15,832:INFO:self._variable_keys: {'_available_plots', 'memory', 'fold_groups_param', 'fix_imbalance', 'y_train', 'html_param', 'is_multiclass', 'exp_id', 'target_param', 'USI', 'log_plots_param', 'exp_name_log', 'gpu_n_jobs_param', 'logging_param', '_ml_usecase', 'pipeline', 'data', 'gpu_param', 'y', 'X', 'fold_shuffle_param', 'y_test', 'idx', 'X_train', 'n_jobs_param', 'fold_generator', 'X_test', 'seed'}
2025-03-29 14:26:15,832:INFO:Checking environment
2025-03-29 14:26:15,832:INFO:python_version: 3.8.18
2025-03-29 14:26:15,832:INFO:python_build: ('default', 'Sep 11 2023 13:39:12')
2025-03-29 14:26:15,832:INFO:machine: AMD64
2025-03-29 14:26:15,832:INFO:platform: Windows-10-10.0.26100-SP0
2025-03-29 14:26:15,844:INFO:Memory: svmem(total=8299257856, available=745783296, percent=91.0, used=7553474560, free=745783296)
2025-03-29 14:26:15,844:INFO:Physical Core: 4
2025-03-29 14:26:15,844:INFO:Logical Core: 8
2025-03-29 14:26:15,844:INFO:Checking libraries
2025-03-29 14:26:15,844:INFO:System:
2025-03-29 14:26:15,844:INFO:    python: 3.8.18 (default, Sep 11 2023, 13:39:12) [MSC v.1916 64 bit (AMD64)]
2025-03-29 14:26:15,844:INFO:executable: C:\Users\babig\anaconda3\envs\pycaret_light\python.exe
2025-03-29 14:26:15,844:INFO:   machine: Windows-10-10.0.26100-SP0
2025-03-29 14:26:15,844:INFO:PyCaret required dependencies:
2025-03-29 14:26:15,844:INFO:                 pip: 23.3.1
2025-03-29 14:26:15,844:INFO:          setuptools: 68.2.2
2025-03-29 14:26:15,844:INFO:             pycaret: 3.2.0
2025-03-29 14:26:15,844:INFO:             IPython: 8.12.3
2025-03-29 14:26:15,844:INFO:          ipywidgets: 8.1.1
2025-03-29 14:26:15,844:INFO:                tqdm: 4.66.1
2025-03-29 14:26:15,844:INFO:               numpy: 1.24.4
2025-03-29 14:26:15,844:INFO:              pandas: 1.5.3
2025-03-29 14:26:15,844:INFO:              jinja2: 3.1.3
2025-03-29 14:26:15,844:INFO:               scipy: 1.10.1
2025-03-29 14:26:15,844:INFO:              joblib: 1.3.2
2025-03-29 14:26:15,844:INFO:             sklearn: 1.2.2
2025-03-29 14:26:15,844:INFO:                pyod: 1.1.2
2025-03-29 14:26:15,848:INFO:            imblearn: 0.12.0
2025-03-29 14:26:15,848:INFO:   category_encoders: 2.6.3
2025-03-29 14:26:15,848:INFO:            lightgbm: 4.3.0
2025-03-29 14:26:15,848:INFO:               numba: 0.58.1
2025-03-29 14:26:15,848:INFO:            requests: 2.31.0
2025-03-29 14:26:15,848:INFO:          matplotlib: 3.6.0
2025-03-29 14:26:15,848:INFO:          scikitplot: 0.3.7
2025-03-29 14:26:15,848:INFO:         yellowbrick: 1.5
2025-03-29 14:26:15,848:INFO:              plotly: 5.18.0
2025-03-29 14:26:15,848:INFO:    plotly-resampler: Not installed
2025-03-29 14:26:15,848:INFO:             kaleido: 0.2.1
2025-03-29 14:26:15,849:INFO:           schemdraw: 0.15
2025-03-29 14:26:15,849:INFO:         statsmodels: 0.14.1
2025-03-29 14:26:15,849:INFO:              sktime: 0.21.1
2025-03-29 14:26:15,849:INFO:               tbats: 1.1.3
2025-03-29 14:26:15,849:INFO:            pmdarima: 2.0.4
2025-03-29 14:26:15,849:INFO:              psutil: 5.9.8
2025-03-29 14:26:15,849:INFO:          markupsafe: 2.1.4
2025-03-29 14:26:15,849:INFO:             pickle5: Not installed
2025-03-29 14:26:15,849:INFO:         cloudpickle: 2.2.1
2025-03-29 14:26:15,849:INFO:         deprecation: 2.1.0
2025-03-29 14:26:15,849:INFO:              xxhash: 3.4.1
2025-03-29 14:26:15,849:INFO:           wurlitzer: Not installed
2025-03-29 14:26:15,849:INFO:PyCaret optional dependencies:
2025-03-29 14:26:15,849:INFO:                shap: 0.44.1
2025-03-29 14:26:15,851:INFO:           interpret: 0.5.0
2025-03-29 14:26:15,851:INFO:                umap: 0.5.5
2025-03-29 14:26:15,851:INFO:     ydata_profiling: 4.6.0
2025-03-29 14:26:15,851:INFO:  explainerdashboard: 0.4.5
2025-03-29 14:26:15,851:INFO:             autoviz: Not installed
2025-03-29 14:26:15,851:INFO:           fairlearn: 0.7.0
2025-03-29 14:26:15,851:INFO:          deepchecks: Not installed
2025-03-29 14:26:15,851:INFO:             xgboost: 2.0.3
2025-03-29 14:26:15,851:INFO:            catboost: 1.2.2
2025-03-29 14:26:15,851:INFO:              kmodes: 0.12.2
2025-03-29 14:26:15,851:INFO:             mlxtend: 0.23.1
2025-03-29 14:26:15,852:INFO:       statsforecast: 1.5.0
2025-03-29 14:26:15,852:INFO:        tune_sklearn: 0.5.0
2025-03-29 14:26:15,852:INFO:                 ray: 2.9.1
2025-03-29 14:26:15,852:INFO:            hyperopt: 0.2.7
2025-03-29 14:26:15,852:INFO:              optuna: 3.5.0
2025-03-29 14:26:15,852:INFO:               skopt: 0.9.0
2025-03-29 14:26:15,852:INFO:              mlflow: 1.30.1
2025-03-29 14:26:15,852:INFO:              gradio: 3.50.2
2025-03-29 14:26:15,852:INFO:             fastapi: 0.109.0
2025-03-29 14:26:15,852:INFO:             uvicorn: 0.27.0.post1
2025-03-29 14:26:15,853:INFO:              m2cgen: 0.10.0
2025-03-29 14:26:15,853:INFO:           evidently: 0.2.8
2025-03-29 14:26:15,853:INFO:               fugue: 0.8.6
2025-03-29 14:26:15,853:INFO:           streamlit: Not installed
2025-03-29 14:26:15,853:INFO:             prophet: Not installed
2025-03-29 14:26:15,853:INFO:None
2025-03-29 14:26:15,853:INFO:Set up GPU usage.
2025-03-29 14:26:15,853:WARNING:
'cuml' is a soft dependency and not included in the pycaret installation. Please run: `pip install cuml` to install.
2025-03-29 14:26:15,853:WARNING:cuML is outdated or not found. Required version is >=23.08.
                Please visit https://rapids.ai/install for installation instructions.
2025-03-29 14:26:15,853:INFO:Set up data.
2025-03-29 14:31:50,197:INFO:PyCaret ClassificationExperiment
2025-03-29 14:31:50,204:INFO:Logging name: clf-default-name
2025-03-29 14:31:50,204:INFO:ML Usecase: MLUsecase.CLASSIFICATION
2025-03-29 14:31:50,204:INFO:version 3.2.0
2025-03-29 14:31:50,204:INFO:Initializing setup()
2025-03-29 14:31:50,204:INFO:self.USI: 4ae3
2025-03-29 14:31:50,204:INFO:self._variable_keys: {'_available_plots', 'memory', 'fold_groups_param', 'fix_imbalance', 'y_train', 'html_param', 'is_multiclass', 'exp_id', 'target_param', 'USI', 'log_plots_param', 'exp_name_log', 'gpu_n_jobs_param', 'logging_param', '_ml_usecase', 'pipeline', 'data', 'gpu_param', 'y', 'X', 'fold_shuffle_param', 'y_test', 'idx', 'X_train', 'n_jobs_param', 'fold_generator', 'X_test', 'seed'}
2025-03-29 14:31:50,211:INFO:Checking environment
2025-03-29 14:31:50,212:INFO:python_version: 3.8.18
2025-03-29 14:31:50,212:INFO:python_build: ('default', 'Sep 11 2023 13:39:12')
2025-03-29 14:31:50,212:INFO:machine: AMD64
2025-03-29 14:31:50,212:INFO:platform: Windows-10-10.0.26100-SP0
2025-03-29 14:31:50,230:INFO:Memory: svmem(total=8299257856, available=336519168, percent=95.9, used=7962738688, free=336519168)
2025-03-29 14:31:50,230:INFO:Physical Core: 4
2025-03-29 14:31:50,230:INFO:Logical Core: 8
2025-03-29 14:31:50,230:INFO:Checking libraries
2025-03-29 14:31:50,230:INFO:System:
2025-03-29 14:31:50,230:INFO:    python: 3.8.18 (default, Sep 11 2023, 13:39:12) [MSC v.1916 64 bit (AMD64)]
2025-03-29 14:31:50,230:INFO:executable: C:\Users\babig\anaconda3\envs\pycaret_light\python.exe
2025-03-29 14:31:50,230:INFO:   machine: Windows-10-10.0.26100-SP0
2025-03-29 14:31:50,230:INFO:PyCaret required dependencies:
2025-03-29 14:31:50,245:INFO:                 pip: 23.3.1
2025-03-29 14:31:50,245:INFO:          setuptools: 68.2.2
2025-03-29 14:31:50,245:INFO:             pycaret: 3.2.0
2025-03-29 14:31:50,245:INFO:             IPython: 8.12.3
2025-03-29 14:31:50,245:INFO:          ipywidgets: 8.1.1
2025-03-29 14:31:50,245:INFO:                tqdm: 4.66.1
2025-03-29 14:31:50,245:INFO:               numpy: 1.24.4
2025-03-29 14:31:50,245:INFO:              pandas: 1.5.3
2025-03-29 14:31:50,245:INFO:              jinja2: 3.1.3
2025-03-29 14:31:50,245:INFO:               scipy: 1.10.1
2025-03-29 14:31:50,245:INFO:              joblib: 1.3.2
2025-03-29 14:31:50,245:INFO:             sklearn: 1.2.2
2025-03-29 14:31:50,245:INFO:                pyod: 1.1.2
2025-03-29 14:31:50,245:INFO:            imblearn: 0.12.0
2025-03-29 14:31:50,245:INFO:   category_encoders: 2.6.3
2025-03-29 14:31:50,245:INFO:            lightgbm: 4.3.0
2025-03-29 14:31:50,245:INFO:               numba: 0.58.1
2025-03-29 14:31:50,245:INFO:            requests: 2.31.0
2025-03-29 14:31:50,245:INFO:          matplotlib: 3.6.0
2025-03-29 14:31:50,245:INFO:          scikitplot: 0.3.7
2025-03-29 14:31:50,245:INFO:         yellowbrick: 1.5
2025-03-29 14:31:50,245:INFO:              plotly: 5.18.0
2025-03-29 14:31:50,245:INFO:    plotly-resampler: Not installed
2025-03-29 14:31:50,245:INFO:             kaleido: 0.2.1
2025-03-29 14:31:50,245:INFO:           schemdraw: 0.15
2025-03-29 14:31:50,253:INFO:         statsmodels: 0.14.1
2025-03-29 14:31:50,253:INFO:              sktime: 0.21.1
2025-03-29 14:31:50,253:INFO:               tbats: 1.1.3
2025-03-29 14:31:50,253:INFO:            pmdarima: 2.0.4
2025-03-29 14:31:50,255:INFO:              psutil: 5.9.8
2025-03-29 14:31:50,256:INFO:          markupsafe: 2.1.4
2025-03-29 14:31:50,256:INFO:             pickle5: Not installed
2025-03-29 14:31:50,256:INFO:         cloudpickle: 2.2.1
2025-03-29 14:31:50,256:INFO:         deprecation: 2.1.0
2025-03-29 14:31:50,256:INFO:              xxhash: 3.4.1
2025-03-29 14:31:50,256:INFO:           wurlitzer: Not installed
2025-03-29 14:31:50,256:INFO:PyCaret optional dependencies:
2025-03-29 14:31:50,260:INFO:                shap: 0.44.1
2025-03-29 14:31:50,260:INFO:           interpret: 0.5.0
2025-03-29 14:31:50,260:INFO:                umap: 0.5.5
2025-03-29 14:31:50,260:INFO:     ydata_profiling: 4.6.0
2025-03-29 14:31:50,260:INFO:  explainerdashboard: 0.4.5
2025-03-29 14:31:50,260:INFO:             autoviz: Not installed
2025-03-29 14:31:50,262:INFO:           fairlearn: 0.7.0
2025-03-29 14:31:50,262:INFO:          deepchecks: Not installed
2025-03-29 14:31:50,262:INFO:             xgboost: 2.0.3
2025-03-29 14:31:50,262:INFO:            catboost: 1.2.2
2025-03-29 14:31:50,262:INFO:              kmodes: 0.12.2
2025-03-29 14:31:50,262:INFO:             mlxtend: 0.23.1
2025-03-29 14:31:50,262:INFO:       statsforecast: 1.5.0
2025-03-29 14:31:50,262:INFO:        tune_sklearn: 0.5.0
2025-03-29 14:31:50,262:INFO:                 ray: 2.9.1
2025-03-29 14:31:50,262:INFO:            hyperopt: 0.2.7
2025-03-29 14:31:50,262:INFO:              optuna: 3.5.0
2025-03-29 14:31:50,262:INFO:               skopt: 0.9.0
2025-03-29 14:31:50,262:INFO:              mlflow: 1.30.1
2025-03-29 14:31:50,262:INFO:              gradio: 3.50.2
2025-03-29 14:31:50,262:INFO:             fastapi: 0.109.0
2025-03-29 14:31:50,262:INFO:             uvicorn: 0.27.0.post1
2025-03-29 14:31:50,262:INFO:              m2cgen: 0.10.0
2025-03-29 14:31:50,262:INFO:           evidently: 0.2.8
2025-03-29 14:31:50,262:INFO:               fugue: 0.8.6
2025-03-29 14:31:50,262:INFO:           streamlit: Not installed
2025-03-29 14:31:50,262:INFO:             prophet: Not installed
2025-03-29 14:31:50,262:INFO:None
2025-03-29 14:31:50,262:INFO:Set up GPU usage.
2025-03-29 14:31:50,264:WARNING:
'cuml' is a soft dependency and not included in the pycaret installation. Please run: `pip install cuml` to install.
2025-03-29 14:31:50,264:WARNING:cuML is outdated or not found. Required version is >=23.08.
                Please visit https://rapids.ai/install for installation instructions.
2025-03-29 14:31:50,264:INFO:Set up data.
2025-03-29 14:37:56,464:INFO:PyCaret ClassificationExperiment
2025-03-29 14:37:56,472:INFO:Logging name: clf-default-name
2025-03-29 14:37:56,473:INFO:ML Usecase: MLUsecase.CLASSIFICATION
2025-03-29 14:37:56,473:INFO:version 3.2.0
2025-03-29 14:37:56,473:INFO:Initializing setup()
2025-03-29 14:37:56,473:INFO:self.USI: 65af
2025-03-29 14:37:56,473:INFO:self._variable_keys: {'_available_plots', 'memory', 'fold_groups_param', 'fix_imbalance', 'y_train', 'html_param', 'is_multiclass', 'exp_id', 'target_param', 'USI', 'log_plots_param', 'exp_name_log', 'gpu_n_jobs_param', 'logging_param', '_ml_usecase', 'pipeline', 'data', 'gpu_param', 'y', 'X', 'fold_shuffle_param', 'y_test', 'idx', 'X_train', 'n_jobs_param', 'fold_generator', 'X_test', 'seed'}
2025-03-29 14:37:56,473:INFO:Checking environment
2025-03-29 14:37:56,473:INFO:python_version: 3.8.18
2025-03-29 14:37:56,473:INFO:python_build: ('default', 'Sep 11 2023 13:39:12')
2025-03-29 14:37:56,480:INFO:machine: AMD64
2025-03-29 14:37:56,480:INFO:platform: Windows-10-10.0.26100-SP0
2025-03-29 14:37:56,497:INFO:Memory: svmem(total=8299257856, available=694910976, percent=91.6, used=7604346880, free=694910976)
2025-03-29 14:37:56,497:INFO:Physical Core: 4
2025-03-29 14:37:56,497:INFO:Logical Core: 8
2025-03-29 14:37:56,497:INFO:Checking libraries
2025-03-29 14:37:56,497:INFO:System:
2025-03-29 14:37:56,497:INFO:    python: 3.8.18 (default, Sep 11 2023, 13:39:12) [MSC v.1916 64 bit (AMD64)]
2025-03-29 14:37:56,503:INFO:executable: C:\Users\babig\anaconda3\envs\pycaret_light\python.exe
2025-03-29 14:37:56,504:INFO:   machine: Windows-10-10.0.26100-SP0
2025-03-29 14:37:56,504:INFO:PyCaret required dependencies:
2025-03-29 14:37:56,512:INFO:                 pip: 23.3.1
2025-03-29 14:37:56,512:INFO:          setuptools: 68.2.2
2025-03-29 14:37:56,512:INFO:             pycaret: 3.2.0
2025-03-29 14:37:56,513:INFO:             IPython: 8.12.3
2025-03-29 14:37:56,513:INFO:          ipywidgets: 8.1.1
2025-03-29 14:37:56,513:INFO:                tqdm: 4.66.1
2025-03-29 14:37:56,514:INFO:               numpy: 1.24.4
2025-03-29 14:37:56,514:INFO:              pandas: 1.5.3
2025-03-29 14:37:56,514:INFO:              jinja2: 3.1.3
2025-03-29 14:37:56,514:INFO:               scipy: 1.10.1
2025-03-29 14:37:56,514:INFO:              joblib: 1.3.2
2025-03-29 14:37:56,514:INFO:             sklearn: 1.2.2
2025-03-29 14:37:56,514:INFO:                pyod: 1.1.2
2025-03-29 14:37:56,514:INFO:            imblearn: 0.12.0
2025-03-29 14:37:56,514:INFO:   category_encoders: 2.6.3
2025-03-29 14:37:56,514:INFO:            lightgbm: 4.3.0
2025-03-29 14:37:56,514:INFO:               numba: 0.58.1
2025-03-29 14:37:56,514:INFO:            requests: 2.31.0
2025-03-29 14:37:56,514:INFO:          matplotlib: 3.6.0
2025-03-29 14:37:56,514:INFO:          scikitplot: 0.3.7
2025-03-29 14:37:56,514:INFO:         yellowbrick: 1.5
2025-03-29 14:37:56,515:INFO:              plotly: 5.18.0
2025-03-29 14:37:56,515:INFO:    plotly-resampler: Not installed
2025-03-29 14:37:56,515:INFO:             kaleido: 0.2.1
2025-03-29 14:37:56,515:INFO:           schemdraw: 0.15
2025-03-29 14:37:56,515:INFO:         statsmodels: 0.14.1
2025-03-29 14:37:56,515:INFO:              sktime: 0.21.1
2025-03-29 14:37:56,515:INFO:               tbats: 1.1.3
2025-03-29 14:37:56,515:INFO:            pmdarima: 2.0.4
2025-03-29 14:37:56,515:INFO:              psutil: 5.9.8
2025-03-29 14:37:56,515:INFO:          markupsafe: 2.1.4
2025-03-29 14:37:56,515:INFO:             pickle5: Not installed
2025-03-29 14:37:56,515:INFO:         cloudpickle: 2.2.1
2025-03-29 14:37:56,516:INFO:         deprecation: 2.1.0
2025-03-29 14:37:56,517:INFO:              xxhash: 3.4.1
2025-03-29 14:37:56,517:INFO:           wurlitzer: Not installed
2025-03-29 14:37:56,517:INFO:PyCaret optional dependencies:
2025-03-29 14:37:56,517:INFO:                shap: 0.44.1
2025-03-29 14:37:56,517:INFO:           interpret: 0.5.0
2025-03-29 14:37:56,517:INFO:                umap: 0.5.5
2025-03-29 14:37:56,517:INFO:     ydata_profiling: 4.6.0
2025-03-29 14:37:56,517:INFO:  explainerdashboard: 0.4.5
2025-03-29 14:37:56,517:INFO:             autoviz: Not installed
2025-03-29 14:37:56,517:INFO:           fairlearn: 0.7.0
2025-03-29 14:37:56,517:INFO:          deepchecks: Not installed
2025-03-29 14:37:56,517:INFO:             xgboost: 2.0.3
2025-03-29 14:37:56,517:INFO:            catboost: 1.2.2
2025-03-29 14:37:56,517:INFO:              kmodes: 0.12.2
2025-03-29 14:37:56,517:INFO:             mlxtend: 0.23.1
2025-03-29 14:37:56,517:INFO:       statsforecast: 1.5.0
2025-03-29 14:37:56,517:INFO:        tune_sklearn: 0.5.0
2025-03-29 14:37:56,517:INFO:                 ray: 2.9.1
2025-03-29 14:37:56,517:INFO:            hyperopt: 0.2.7
2025-03-29 14:37:56,517:INFO:              optuna: 3.5.0
2025-03-29 14:37:56,517:INFO:               skopt: 0.9.0
2025-03-29 14:37:56,517:INFO:              mlflow: 1.30.1
2025-03-29 14:37:56,517:INFO:              gradio: 3.50.2
2025-03-29 14:37:56,517:INFO:             fastapi: 0.109.0
2025-03-29 14:37:56,517:INFO:             uvicorn: 0.27.0.post1
2025-03-29 14:37:56,517:INFO:              m2cgen: 0.10.0
2025-03-29 14:37:56,517:INFO:           evidently: 0.2.8
2025-03-29 14:37:56,517:INFO:               fugue: 0.8.6
2025-03-29 14:37:56,517:INFO:           streamlit: Not installed
2025-03-29 14:37:56,517:INFO:             prophet: Not installed
2025-03-29 14:37:56,517:INFO:None
2025-03-29 14:37:56,517:INFO:Set up GPU usage.
2025-03-29 14:37:56,517:WARNING:
'cuml' is a soft dependency and not included in the pycaret installation. Please run: `pip install cuml` to install.
2025-03-29 14:37:56,517:WARNING:cuML is outdated or not found. Required version is >=23.08.
                Please visit https://rapids.ai/install for installation instructions.
2025-03-29 14:37:56,523:INFO:Set up data.
2025-03-29 14:38:09,946:INFO:Set up folding strategy.
2025-03-29 14:38:09,950:INFO:Set up train/test split.
2025-03-29 14:38:10,622:INFO:Set up index.
2025-03-29 14:38:10,643:INFO:Assigning column types.
2025-03-29 14:38:11,141:INFO:Engine successfully changes for model 'lr' to 'sklearn'.
2025-03-29 14:38:11,143:WARNING:
'cuml' is a soft dependency and not included in the pycaret installation. Please run: `pip install cuml` to install.
2025-03-29 14:38:11,213:INFO:Engine for model 'knn' has not been set explicitly, hence returning None.
2025-03-29 14:38:11,213:WARNING:
'cuml' is a soft dependency and not included in the pycaret installation. Please run: `pip install cuml` to install.
2025-03-29 14:38:11,293:WARNING:
'cuml' is a soft dependency and not included in the pycaret installation. Please run: `pip install cuml` to install.
2025-03-29 14:38:11,293:INFO:Engine for model 'rbfsvm' has not been set explicitly, hence returning None.
2025-03-29 14:38:11,293:WARNING:
'cuml' is a soft dependency and not included in the pycaret installation. Please run: `pip install cuml` to install.
2025-03-29 14:38:11,462:WARNING:
'cuml' is a soft dependency and not included in the pycaret installation. Please run: `pip install cuml` to install.
2025-03-29 14:38:11,481:WARNING:
'cuml' is a soft dependency and not included in the pycaret installation. Please run: `pip install cuml` to install.
2025-03-29 14:38:11,512:INFO:Soft dependency imported: xgboost: 2.0.3
2025-03-29 14:38:35,839:INFO:Soft dependency imported: catboost: 1.2.2
2025-03-29 14:38:36,697:WARNING:
'cuml' is a soft dependency and not included in the pycaret installation. Please run: `pip install cuml` to install.
2025-03-29 14:38:36,864:INFO:Engine for model 'knn' has not been set explicitly, hence returning None.
2025-03-29 14:38:36,864:WARNING:
'cuml' is a soft dependency and not included in the pycaret installation. Please run: `pip install cuml` to install.
2025-03-29 14:38:36,864:WARNING:
'cuml' is a soft dependency and not included in the pycaret installation. Please run: `pip install cuml` to install.
2025-03-29 14:38:36,876:INFO:Engine for model 'rbfsvm' has not been set explicitly, hence returning None.
2025-03-29 14:38:36,876:WARNING:
'cuml' is a soft dependency and not included in the pycaret installation. Please run: `pip install cuml` to install.
2025-03-29 14:38:36,958:WARNING:
'cuml' is a soft dependency and not included in the pycaret installation. Please run: `pip install cuml` to install.
2025-03-29 14:38:36,976:WARNING:
'cuml' is a soft dependency and not included in the pycaret installation. Please run: `pip install cuml` to install.
2025-03-29 14:38:36,979:INFO:Soft dependency imported: xgboost: 2.0.3
2025-03-29 14:38:37,184:INFO:Soft dependency imported: catboost: 1.2.2
2025-03-29 14:38:37,184:INFO:Engine successfully changes for model 'knn' to 'sklearn'.
2025-03-29 14:38:37,191:WARNING:
'cuml' is a soft dependency and not included in the pycaret installation. Please run: `pip install cuml` to install.
2025-03-29 14:38:37,368:WARNING:
'cuml' is a soft dependency and not included in the pycaret installation. Please run: `pip install cuml` to install.
2025-03-29 14:38:37,368:WARNING:
'cuml' is a soft dependency and not included in the pycaret installation. Please run: `pip install cuml` to install.
2025-03-29 14:38:37,374:INFO:Engine for model 'rbfsvm' has not been set explicitly, hence returning None.
2025-03-29 14:38:37,374:WARNING:
'cuml' is a soft dependency and not included in the pycaret installation. Please run: `pip install cuml` to install.
2025-03-29 14:38:37,453:WARNING:
'cuml' is a soft dependency and not included in the pycaret installation. Please run: `pip install cuml` to install.
2025-03-29 14:38:37,458:WARNING:
'cuml' is a soft dependency and not included in the pycaret installation. Please run: `pip install cuml` to install.
2025-03-29 14:38:37,458:INFO:Soft dependency imported: xgboost: 2.0.3
2025-03-29 14:38:37,524:INFO:Soft dependency imported: catboost: 1.2.2
2025-03-29 14:38:37,528:WARNING:
'cuml' is a soft dependency and not included in the pycaret installation. Please run: `pip install cuml` to install.
2025-03-29 14:38:37,711:WARNING:
'cuml' is a soft dependency and not included in the pycaret installation. Please run: `pip install cuml` to install.
2025-03-29 14:38:37,713:WARNING:
'cuml' is a soft dependency and not included in the pycaret installation. Please run: `pip install cuml` to install.
2025-03-29 14:38:37,713:INFO:Engine for model 'rbfsvm' has not been set explicitly, hence returning None.
2025-03-29 14:38:37,713:WARNING:
'cuml' is a soft dependency and not included in the pycaret installation. Please run: `pip install cuml` to install.
2025-03-29 14:38:37,829:WARNING:
'cuml' is a soft dependency and not included in the pycaret installation. Please run: `pip install cuml` to install.
2025-03-29 14:38:37,850:WARNING:
'cuml' is a soft dependency and not included in the pycaret installation. Please run: `pip install cuml` to install.
2025-03-29 14:38:37,854:INFO:Soft dependency imported: xgboost: 2.0.3
2025-03-29 14:38:37,929:INFO:Soft dependency imported: catboost: 1.2.2
2025-03-29 14:38:37,976:INFO:Engine successfully changes for model 'rbfsvm' to 'sklearn'.
2025-03-29 14:38:37,978:WARNING:
'cuml' is a soft dependency and not included in the pycaret installation. Please run: `pip install cuml` to install.
2025-03-29 14:38:38,413:WARNING:
'cuml' is a soft dependency and not included in the pycaret installation. Please run: `pip install cuml` to install.
2025-03-29 14:38:38,414:WARNING:
'cuml' is a soft dependency and not included in the pycaret installation. Please run: `pip install cuml` to install.
2025-03-29 14:38:38,420:WARNING:
'cuml' is a soft dependency and not included in the pycaret installation. Please run: `pip install cuml` to install.
2025-03-29 14:38:38,554:WARNING:
'cuml' is a soft dependency and not included in the pycaret installation. Please run: `pip install cuml` to install.
2025-03-29 14:38:38,576:WARNING:
'cuml' is a soft dependency and not included in the pycaret installation. Please run: `pip install cuml` to install.
2025-03-29 14:38:38,581:INFO:Soft dependency imported: xgboost: 2.0.3
2025-03-29 14:38:38,776:INFO:Soft dependency imported: catboost: 1.2.2
2025-03-29 14:38:38,783:WARNING:
'cuml' is a soft dependency and not included in the pycaret installation. Please run: `pip install cuml` to install.
2025-03-29 14:38:38,974:WARNING:
'cuml' is a soft dependency and not included in the pycaret installation. Please run: `pip install cuml` to install.
2025-03-29 14:38:38,976:WARNING:
'cuml' is a soft dependency and not included in the pycaret installation. Please run: `pip install cuml` to install.
2025-03-29 14:38:38,979:WARNING:
'cuml' is a soft dependency and not included in the pycaret installation. Please run: `pip install cuml` to install.
2025-03-29 14:38:39,116:WARNING:
'cuml' is a soft dependency and not included in the pycaret installation. Please run: `pip install cuml` to install.
2025-03-29 14:38:39,132:WARNING:
'cuml' is a soft dependency and not included in the pycaret installation. Please run: `pip install cuml` to install.
2025-03-29 14:38:39,138:INFO:Soft dependency imported: xgboost: 2.0.3
2025-03-29 14:38:39,283:INFO:Soft dependency imported: catboost: 1.2.2
2025-03-29 14:38:39,310:INFO:Preparing preprocessing pipeline...
2025-03-29 14:38:39,754:INFO:Set up simple imputation.
2025-03-29 14:38:49,459:INFO:Finished creating preprocessing pipeline.
2025-03-29 14:38:50,016:INFO:Pipeline: Pipeline(memory=FastMemory(location=C:\Users\babig\AppData\Local\Temp\joblib),
         steps=[('numerical_imputer',
                 TransformerWrapper(exclude=None,
                                    include=['Basic_Demos_Enroll_Year',
                                             'Basic_Demos_Study_Site',
                                             'PreInt_Demos_Fam_Child_Ethnicity',
                                             'PreInt_Demos_Fam_Child_Race',
                                             'MRI_Track_Scan_Location',
                                             'Barratt_Barratt_P1_Edu',
                                             'Barratt_Barratt_P1_Occ',
                                             'Barratt_Ba...
                                                              copy=True,
                                                              fill_value=None,
                                                              keep_empty_features=False,
                                                              missing_values=nan,
                                                              strategy='mean',
                                                              verbose='deprecated'))),
                ('categorical_imputer',
                 TransformerWrapper(exclude=None, include=[],
                                    transformer=SimpleImputer(add_indicator=False,
                                                              copy=True,
                                                              fill_value=None,
                                                              keep_empty_features=False,
                                                              missing_values=nan,
                                                              strategy='most_frequent',
                                                              verbose='deprecated')))],
         verbose=False)
2025-03-29 14:38:50,016:INFO:Creating final display dataframe.
2025-03-29 14:39:06,517:INFO:Setup _display_container:                     Description             Value
0                    Session id                42
1                        Target             Sex_F
2                   Target type            Binary
3           Original data shape      (970, 19929)
4        Transformed data shape      (970, 19929)
5   Transformed train set shape      (679, 19929)
6    Transformed test set shape      (291, 19929)
7              Numeric features             19928
8                    Preprocess              True
9               Imputation type            simple
10           Numeric imputation              mean
11       Categorical imputation              mode
12               Fold Generator   StratifiedKFold
13                  Fold Number                 5
14                     CPU Jobs                -1
15                      Use GPU              True
16               Log Experiment             False
17              Experiment Name  clf-default-name
18                          USI              65af
2025-03-29 14:39:06,644:WARNING:
'cuml' is a soft dependency and not included in the pycaret installation. Please run: `pip install cuml` to install.
2025-03-29 14:39:06,708:WARNING:
'cuml' is a soft dependency and not included in the pycaret installation. Please run: `pip install cuml` to install.
2025-03-29 14:39:06,711:WARNING:
'cuml' is a soft dependency and not included in the pycaret installation. Please run: `pip install cuml` to install.
2025-03-29 14:39:06,711:WARNING:
'cuml' is a soft dependency and not included in the pycaret installation. Please run: `pip install cuml` to install.
2025-03-29 14:39:06,730:WARNING:
'cuml' is a soft dependency and not included in the pycaret installation. Please run: `pip install cuml` to install.
2025-03-29 14:39:06,744:WARNING:
'cuml' is a soft dependency and not included in the pycaret installation. Please run: `pip install cuml` to install.
2025-03-29 14:39:06,744:INFO:Soft dependency imported: xgboost: 2.0.3
2025-03-29 14:39:06,815:INFO:Soft dependency imported: catboost: 1.2.2
2025-03-29 14:39:06,820:WARNING:
'cuml' is a soft dependency and not included in the pycaret installation. Please run: `pip install cuml` to install.
2025-03-29 14:39:06,888:WARNING:
'cuml' is a soft dependency and not included in the pycaret installation. Please run: `pip install cuml` to install.
2025-03-29 14:39:06,890:WARNING:
'cuml' is a soft dependency and not included in the pycaret installation. Please run: `pip install cuml` to install.
2025-03-29 14:39:06,890:WARNING:
'cuml' is a soft dependency and not included in the pycaret installation. Please run: `pip install cuml` to install.
2025-03-29 14:39:06,915:WARNING:
'cuml' is a soft dependency and not included in the pycaret installation. Please run: `pip install cuml` to install.
2025-03-29 14:39:06,927:WARNING:
'cuml' is a soft dependency and not included in the pycaret installation. Please run: `pip install cuml` to install.
2025-03-29 14:39:06,933:INFO:Soft dependency imported: xgboost: 2.0.3
2025-03-29 14:39:06,957:INFO:Soft dependency imported: catboost: 1.2.2
2025-03-29 14:39:06,964:INFO:setup() successfully completed in 70.62s...............
2025-03-29 14:39:19,016:INFO:Initializing compare_models()
2025-03-29 14:39:19,016:INFO:compare_models(self=<pycaret.classification.oop.ClassificationExperiment object at 0x0000014ACAEC6CA0>, include=None, fold=None, round=4, cross_validation=True, sort=Accuracy, n_select=1, budget_time=None, turbo=True, errors=ignore, fit_kwargs=None, groups=None, experiment_custom_tags=None, probability_threshold=None, verbose=True, parallel=None, caller_params={'self': <pycaret.classification.oop.ClassificationExperiment object at 0x0000014ACAEC6CA0>, 'include': None, 'exclude': None, 'fold': None, 'round': 4, 'cross_validation': True, 'sort': 'Accuracy', 'n_select': 1, 'budget_time': None, 'turbo': True, 'errors': 'ignore', 'fit_kwargs': None, 'groups': None, 'experiment_custom_tags': None, 'probability_threshold': None, 'engine': None, 'verbose': True, 'parallel': None, '__class__': <class 'pycaret.classification.oop.ClassificationExperiment'>}, exclude=None)
2025-03-29 14:39:19,016:INFO:Checking exceptions
2025-03-29 14:39:19,312:INFO:Preparing display monitor
2025-03-29 14:39:19,475:INFO:Initializing Logistic Regression
2025-03-29 14:39:19,475:INFO:Total runtime is 0.00047984917958577476 minutes
2025-03-29 14:39:19,485:INFO:SubProcess create_model() called ==================================
2025-03-29 14:39:19,492:INFO:Initializing create_model()
2025-03-29 14:39:19,492:INFO:create_model(self=<pycaret.classification.oop.ClassificationExperiment object at 0x0000014ACAEC6CA0>, estimator=lr, fold=StratifiedKFold(n_splits=5, random_state=None, shuffle=False), round=4, cross_validation=True, predict=True, fit_kwargs={}, groups=None, refit=False, probability_threshold=None, experiment_custom_tags=None, verbose=False, system=False, add_to_model_list=True, metrics=None, display=<pycaret.internal.display.display.CommonDisplay object at 0x0000014AC9C6E340>, model_only=True, return_train_score=False, error_score=0.0, kwargs={})
2025-03-29 14:39:19,492:INFO:Checking exceptions
2025-03-29 14:39:19,492:INFO:Importing libraries
2025-03-29 14:39:19,494:INFO:Copying training dataset
2025-03-29 14:39:19,980:INFO:Defining folds
2025-03-29 14:39:19,980:INFO:Declaring metric variables
2025-03-29 14:39:19,988:INFO:Importing untrained model
2025-03-29 14:39:19,999:INFO:Logistic Regression Imported successfully
2025-03-29 14:39:20,018:INFO:Starting cross validation
2025-03-29 14:39:20,117:INFO:Cross validating with StratifiedKFold(n_splits=5, random_state=None, shuffle=False), n_jobs=1
2025-03-29 14:41:32,546:INFO:Calculating mean and std
2025-03-29 14:41:32,610:INFO:Creating metrics dataframe
2025-03-29 14:41:32,664:INFO:Uploading results into container
2025-03-29 14:41:32,669:INFO:Uploading model into container now
2025-03-29 14:41:32,674:INFO:_master_model_container: 1
2025-03-29 14:41:32,674:INFO:_display_container: 2
2025-03-29 14:41:32,674:INFO:LogisticRegression(C=1.0, class_weight=None, dual=False, fit_intercept=True,
                   intercept_scaling=1, l1_ratio=None, max_iter=1000,
                   multi_class='auto', n_jobs=None, penalty='l2',
                   random_state=42, solver='lbfgs', tol=0.0001, verbose=0,
                   warm_start=False)
2025-03-29 14:41:32,674:INFO:create_model() successfully completed......................................
2025-03-29 14:41:36,470:INFO:SubProcess create_model() end ==================================
2025-03-29 14:41:36,478:INFO:Creating metrics dataframe
2025-03-29 14:41:36,517:INFO:Initializing K Neighbors Classifier
